<?xml version="1.0" encoding="UTF-8"?>
<!-- Generated by org.testng.reporters.JUnitXMLReporter -->
<testsuite ignored="6" hostname="LTIN192022" failures="0" tests="4" name="edgetest" time="3.553" errors="0" timestamp="2024-02-10T14:48:57 IST">
  <testcase classname="testCases.TC_003" name="AllCourses" time="0.0">
    <skipped/>
  </testcase> <!-- AllCourses -->
  <testcase classname="testCases.TC_002" name="VerifyFindCoursesPage" time="0.0">
    <skipped/>
  </testcase> <!-- VerifyFindCoursesPage -->
  <testcase classname="testCases.TC_004" name="fillFormWithInvalidInput" time="0.001">
    <skipped/>
  </testcase> <!-- fillFormWithInvalidInput -->
  <testcase classname="testCases.TC_001" name="Verify_CourseraPage" time="0.0">
    <skipped/>
  </testcase> <!-- Verify_CourseraPage -->
  <testcase classname="testBase.BaseClass" name="@AfterTest tearDown" time="0.0">
    <ignored/>
  </testcase> <!-- @AfterTest tearDown -->
  <testcase classname="testBase.BaseClass" name="@BeforeTest setup" time="0.0">
    <ignored/>
  </testcase> <!-- @BeforeTest setup -->
  <testcase classname="testBase.BaseClass" name="@AfterTest tearDown" time="0.0">
    <ignored/>
  </testcase> <!-- @AfterTest tearDown -->
  <testcase classname="testBase.BaseClass" name="@AfterTest tearDown" time="0.0">
    <ignored/>
  </testcase> <!-- @AfterTest tearDown -->
  <testcase classname="testBase.BaseClass" name="@BeforeTest setup" time="0.0">
    <ignored/>
  </testcase> <!-- @BeforeTest setup -->
  <testcase classname="testBase.BaseClass" name="@BeforeTest setup" time="0.0">
    <ignored/>
  </testcase> <!-- @BeforeTest setup -->
</testsuite> <!-- edgetest -->
