<?xml version="1.0" encoding="UTF-8"?>
<testng-results ignored="0" total="4" passed="4" failed="0" skipped="0">
  <reporter-output>
  </reporter-output>
  <suite started-at="2024-02-15T11:17:17 IST" name="Suite" finished-at="2024-02-15T11:26:21 IST" duration-ms="544546">
    <groups>
      <group name="regression">
        <method signature="TC_002.VerifyFindCoursesPage()[pri:0, instance:testCases.TC_002@235a0c16]" name="VerifyFindCoursesPage" class="testCases.TC_002"/>
        <method signature="TC_003.AllCourses()[pri:0, instance:testCases.TC_003@2b5f4d54]" name="AllCourses" class="testCases.TC_003"/>
      </group> <!-- regression -->
      <group name="smoke">
        <method signature="TC_004.fillFormWithInvalidInput()[pri:0, instance:testCases.TC_004@5f7b97da]" name="fillFormWithInvalidInput" class="testCases.TC_004"/>
        <method signature="TC_001.Verify_CourseraPage()[pri:1, instance:testCases.TC_001@349c1daf]" name="Verify_CourseraPage" class="testCases.TC_001"/>
      </group> <!-- smoke -->
      <group name="master">
        <method signature="TC_002.VerifyFindCoursesPage()[pri:0, instance:testCases.TC_002@235a0c16]" name="VerifyFindCoursesPage" class="testCases.TC_002"/>
        <method signature="TC_003.AllCourses()[pri:0, instance:testCases.TC_003@2b5f4d54]" name="AllCourses" class="testCases.TC_003"/>
        <method signature="TC_004.fillFormWithInvalidInput()[pri:0, instance:testCases.TC_004@5f7b97da]" name="fillFormWithInvalidInput" class="testCases.TC_004"/>
        <method signature="TC_001.Verify_CourseraPage()[pri:1, instance:testCases.TC_001@349c1daf]" name="Verify_CourseraPage" class="testCases.TC_001"/>
      </group> <!-- master -->
    </groups>
    <test started-at="2024-02-15T11:17:17 IST" name="Test" finished-at="2024-02-15T11:26:21 IST" duration-ms="544546">
      <class name="testCases.TC_003">
        <test-method signature="AllCourses()[pri:0, instance:testCases.TC_003@2b5f4d54]" started-at="2024-02-15T11:18:31 IST" name="AllCourses" finished-at="2024-02-15T11:22:57 IST" duration-ms="265371" status="PASS">
          <reporter-output>
          </reporter-output>
        </test-method> <!-- AllCourses -->
      </class> <!-- testCases.TC_003 -->
      <class name="testCases.TC_004">
        <test-method signature="fillFormWithInvalidInput()[pri:0, instance:testCases.TC_004@5f7b97da]" started-at="2024-02-15T11:22:57 IST" name="fillFormWithInvalidInput" finished-at="2024-02-15T11:26:19 IST" duration-ms="201858" status="PASS">
          <reporter-output>
          </reporter-output>
        </test-method> <!-- fillFormWithInvalidInput -->
      </class> <!-- testCases.TC_004 -->
      <class name="testCases.TC_001">
        <test-method is-config="true" signature="setup(java.lang.String,java.lang.String)[pri:0, instance:testCases.TC_001@349c1daf]" started-at="2024-02-15T11:17:17 IST" name="setup" finished-at="2024-02-15T11:17:54 IST" duration-ms="36834" status="PASS">
          <params>
            <param index="0">
              <value>
                <![CDATA[Windows]]>
              </value>
            </param>
            <param index="1">
              <value>
                <![CDATA[chrome]]>
              </value>
            </param>
          </params>
          <reporter-output>
          </reporter-output>
        </test-method> <!-- setup -->
        <test-method signature="Verify_CourseraPage()[pri:1, instance:testCases.TC_001@349c1daf]" started-at="2024-02-15T11:17:54 IST" name="Verify_CourseraPage" finished-at="2024-02-15T11:17:58 IST" duration-ms="3658" status="PASS">
          <reporter-output>
          </reporter-output>
        </test-method> <!-- Verify_CourseraPage -->
        <test-method is-config="true" signature="tearDown()[pri:0, instance:testCases.TC_001@349c1daf]" started-at="2024-02-15T11:26:19 IST" name="tearDown" finished-at="2024-02-15T11:26:21 IST" duration-ms="1945" status="PASS">
          <reporter-output>
          </reporter-output>
        </test-method> <!-- tearDown -->
      </class> <!-- testCases.TC_001 -->
      <class name="testCases.TC_002">
        <test-method signature="VerifyFindCoursesPage()[pri:0, instance:testCases.TC_002@235a0c16]" started-at="2024-02-15T11:17:58 IST" name="VerifyFindCoursesPage" finished-at="2024-02-15T11:18:31 IST" duration-ms="32278" status="PASS">
          <reporter-output>
          </reporter-output>
        </test-method> <!-- VerifyFindCoursesPage -->
      </class> <!-- testCases.TC_002 -->
    </test> <!-- Test -->
  </suite> <!-- Suite -->
</testng-results>
