<?xml version="1.0" encoding="UTF-8"?>
<testng-results ignored="0" total="1" passed="1" failed="0" skipped="0">
  <reporter-output>
  </reporter-output>
  <suite started-at="2024-02-10T16:26:00 IST" name="Suite" finished-at="2024-02-10T16:27:12 IST" duration-ms="71780">
    <groups>
      <group name="smoke">
        <method signature="TC_004.fillFormWithInvalidInput()[pri:0, instance:testCases.TC_004@6cfcd46d]" name="fillFormWithInvalidInput" class="testCases.TC_004"/>
      </group> <!-- smoke -->
      <group name="master">
        <method signature="TC_004.fillFormWithInvalidInput()[pri:0, instance:testCases.TC_004@6cfcd46d]" name="fillFormWithInvalidInput" class="testCases.TC_004"/>
      </group> <!-- master -->
    </groups>
    <test started-at="2024-02-10T16:26:00 IST" name="Test" finished-at="2024-02-10T16:27:12 IST" duration-ms="71780">
      <class name="testCases.TC_004">
        <test-method is-config="true" signature="setup(java.lang.String,java.lang.String)[pri:0, instance:testCases.TC_004@6cfcd46d]" started-at="2024-02-10T16:26:01 IST" name="setup" finished-at="2024-02-10T16:26:22 IST" duration-ms="21228" status="PASS">
          <params>
            <param index="0">
              <value>
                <![CDATA[Windows]]>
              </value>
            </param>
            <param index="1">
              <value>
                <![CDATA[chrome]]>
              </value>
            </param>
          </params>
          <reporter-output>
          </reporter-output>
        </test-method> <!-- setup -->
        <test-method signature="fillFormWithInvalidInput()[pri:0, instance:testCases.TC_004@6cfcd46d]" started-at="2024-02-10T16:26:22 IST" name="fillFormWithInvalidInput" finished-at="2024-02-10T16:27:10 IST" duration-ms="47363" status="PASS">
          <reporter-output>
          </reporter-output>
        </test-method> <!-- fillFormWithInvalidInput -->
        <test-method is-config="true" signature="tearDown()[pri:0, instance:testCases.TC_004@6cfcd46d]" started-at="2024-02-10T16:27:10 IST" name="tearDown" finished-at="2024-02-10T16:27:12 IST" duration-ms="1755" status="PASS">
          <reporter-output>
          </reporter-output>
        </test-method> <!-- tearDown -->
      </class> <!-- testCases.TC_004 -->
    </test> <!-- Test -->
  </suite> <!-- Suite -->
</testng-results>
